<?xml version="1.0" encoding="UTF-8"?>
<!-- Generated by org.testng.reporters.JUnitReportReporter -->
<testsuite hostname="LAPTOP-8GM7S38Q" failures="0" tests="4" name="api.tests.UserTests" time="6.964" errors="0" timestamp="2024-01-20T09:36:24 IST" skipped="0">
  <testcase classname="api.tests.UserTests" name="testCreateUser" time="2.455"/>
  <testcase classname="api.tests.UserTests" name="testRetrieveUser" time="1.096"/>
  <testcase classname="api.tests.UserTests" name="testUpdateUser" time="1.156"/>
  <testcase classname="api.tests.UserTests" name="testDeleteUser" time="2.257"/>
</testsuite> <!-- api.tests.UserTests -->
