<?xml version="1.0" encoding="UTF-8"?>
<!-- Generated by org.testng.reporters.JUnitReportReporter -->
<testsuite hostname="LAPTOP-8GM7S38Q" failures="0" tests="4" name="api.tests.UserTests" time="7.546" errors="0" timestamp="2024-01-20T09:38:13 IST" skipped="0">
  <testcase classname="api.tests.UserTests" name="testCreateUser" time="3.014"/>
  <testcase classname="api.tests.UserTests" name="testRetrieveUser" time="1.173"/>
  <testcase classname="api.tests.UserTests" name="testUpdateUser" time="1.084"/>
  <testcase classname="api.tests.UserTests" name="testDeleteUser" time="2.275"/>
</testsuite> <!-- api.tests.UserTests -->
